<?xml version="1.0" encoding="UTF-8"?>
<coverage generated="1727108904994" clover="3.2.0">
  <project timestamp="1727108904994" name="All files">
    <metrics statements="7" coveredstatements="6" conditionals="0" coveredconditionals="0" methods="3" coveredmethods="1" elements="10" coveredelements="7" complexity="0" loc="7" ncloc="7" packages="1" files="1" classes="1"/>
    <file name="App.tsx" path="C:\Users\Usuario.DESKTOP-RE2PM57\Documents\dev\DEV014-burger-queen-api-client\src\App.tsx">
      <metrics statements="7" coveredstatements="6" conditionals="0" coveredconditionals="0" methods="3" coveredmethods="1"/>
      <line num="1" count="1" type="stmt"/>
      <line num="2" count="1" type="stmt"/>
      <line num="3" count="1" type="stmt"/>
      <line num="4" count="1" type="stmt"/>
      <line num="7" count="1" type="stmt"/>
      <line num="21" count="0" type="stmt"/>
      <line num="35" count="1" type="stmt"/>
    </file>
  </project>
</coverage>
